# JRE version: Java(TM) SE Runtime Environment (17.0.8+9) (build 17.0.8+9-LTS-211)
# Java VM: Java HotSpot(TM) 64-Bit Server VM (17.0.8+9-LTS-211, mixed mode, sharing, tiered, compressed oops, compressed class ptrs, g1 gc, windows-amd64)
GC Precious Log:
 CPUs: 8 total, 8 available
 Memory: 16304M
 Large Page Support: Disabled
 NUMA Support: Disabled
 Compressed Oops: Enabled (Zero based)
 Heap Region Size: 2M
 Heap Min Capacity: 8M
 Heap Initial Capacity: 256M
 Heap Max Capacity: 4078M
 Pre-touch: Disabled
 Parallel Workers: 8
 Concurrent Workers: 2
 Concurrent Refinement Workers: 8
 Periodic GC: Disabled
Heap:
 garbage-first heap   total 161792K, used 99222K [0x0000000701200000, 0x0000000800000000)
  region size 2048K, 38 young (77824K), 4 survivors (8192K)
 Metaspace       used 71955K, committed 72576K, reserved 1114112K
  class space    used 9265K, committed 9600K, reserved 1048576K
GC Heap History (20 events):
Event: 2.165 GC heap before
{Heap before GC invocations=2 (full 0):
 garbage-first heap   total 262144K, used 76170K [0x0000000701200000, 0x0000000800000000)
  region size 2048K, 35 young (71680K), 1 survivors (2048K)
 Metaspace       used 21240K, committed 21504K, reserved 1114112K
  class space    used 2642K, committed 2752K, reserved 1048576K
}
Event: 2.170 GC heap after
{Heap after GC invocations=3 (full 0):
 garbage-first heap   total 262144K, used 13683K [0x0000000701200000, 0x0000000800000000)
  region size 2048K, 4 young (8192K), 4 survivors (8192K)
 Metaspace       used 21240K, committed 21504K, reserved 1114112K
  class space    used 2642K, committed 2752K, reserved 1048576K
}
Event: 2.762 GC heap before
{Heap before GC invocations=4 (full 0):
 garbage-first heap   total 61440K, used 42355K [0x0000000701200000, 0x0000000800000000)
  region size 2048K, 18 young (36864K), 4 survivors (8192K)
 Metaspace       used 26512K, committed 26880K, reserved 1114112K
  class space    used 3386K, committed 3584K, reserved 1048576K
}
Event: 2.770 GC heap after
{Heap after GC invocations=5 (full 0):
 garbage-first heap   total 61440K, used 16940K [0x0000000701200000, 0x0000000800000000)
  region size 2048K, 2 young (4096K), 2 survivors (4096K)
 Metaspace       used 26512K, committed 26880K, reserved 1114112K
  class space    used 3386K, committed 3584K, reserved 1048576K
}
Event: 3.132 GC heap before
{Heap before GC invocations=5 (full 0):
 garbage-first heap   total 61440K, used 37420K [0x0000000701200000, 0x0000000800000000)
  region size 2048K, 13 young (26624K), 2 survivors (4096K)
 Metaspace       used 29748K, committed 30208K, reserved 1114112K
  class space    used 3796K, committed 4032K, reserved 1048576K
}
Event: 3.136 GC heap after
{Heap after GC invocations=6 (full 0):
 garbage-first heap   total 61440K, used 18397K [0x0000000701200000, 0x0000000800000000)
  region size 2048K, 1 young (2048K), 1 survivors (2048K)
 Metaspace       used 29748K, committed 30208K, reserved 1114112K
  class space    used 3796K, committed 4032K, reserved 1048576K
}
Event: 3.539 GC heap before
{Heap before GC invocations=6 (full 0):
 garbage-first heap   total 61440K, used 40925K [0x0000000701200000, 0x0000000800000000)
  region size 2048K, 13 young (26624K), 1 survivors (2048K)
 Metaspace       used 35349K, committed 35840K, reserved 1114112K
  class space    used 4651K, committed 4864K, reserved 1048576K
}
Event: 3.542 GC heap after
{Heap after GC invocations=7 (full 0):
 garbage-first heap   total 61440K, used 19529K [0x0000000701200000, 0x0000000800000000)
  region size 2048K, 2 young (4096K), 2 survivors (4096K)
 Metaspace       used 35349K, committed 35840K, reserved 1114112K
  class space    used 4651K, committed 4864K, reserved 1048576K
}
Event: 3.549 GC heap before
{Heap before GC invocations=7 (full 0):
 garbage-first heap   total 61440K, used 19529K [0x0000000701200000, 0x0000000800000000)
  region size 2048K, 3 young (6144K), 2 survivors (4096K)
 Metaspace       used 35553K, committed 35968K, reserved 1114112K
  class space    used 4663K, committed 4864K, reserved 1048576K
}
Event: 3.551 GC heap after
{Heap after GC invocations=8 (full 0):
 garbage-first heap   total 61440K, used 19714K [0x0000000701200000, 0x0000000800000000)
  region size 2048K, 1 young (2048K), 1 survivors (2048K)
 Metaspace       used 35553K, committed 35968K, reserved 1114112K
  class space    used 4663K, committed 4864K, reserved 1048576K
}
Event: 4.165 GC heap before
{Heap before GC invocations=9 (full 0):
 garbage-first heap   total 61440K, used 44290K [0x0000000701200000, 0x0000000800000000)
  region size 2048K, 13 young (26624K), 1 survivors (2048K)
 Metaspace       used 44709K, committed 45184K, reserved 1114112K
  class space    used 5836K, committed 6080K, reserved 1048576K
}
Event: 4.168 GC heap after
{Heap after GC invocations=10 (full 0):
 garbage-first heap   total 61440K, used 21818K [0x0000000701200000, 0x0000000800000000)
  region size 2048K, 2 young (4096K), 2 survivors (4096K)
 Metaspace       used 44709K, committed 45184K, reserved 1114112K
  class space    used 5836K, committed 6080K, reserved 1048576K
}
Event: 4.559 GC heap before
{Heap before GC invocations=11 (full 0):
 garbage-first heap   total 61440K, used 44346K [0x0000000701200000, 0x0000000800000000)
  region size 2048K, 13 young (26624K), 2 survivors (4096K)
 Metaspace       used 50742K, committed 51136K, reserved 1114112K
  class space    used 6725K, committed 6912K, reserved 1048576K
}
Event: 4.563 GC heap after
{Heap after GC invocations=12 (full 0):
 garbage-first heap   total 61440K, used 23212K [0x0000000701200000, 0x0000000800000000)
  region size 2048K, 1 young (2048K), 1 survivors (2048K)
 Metaspace       used 50742K, committed 51136K, reserved 1114112K
  class space    used 6725K, committed 6912K, reserved 1048576K
}
Event: 4.913 GC heap before
{Heap before GC invocations=12 (full 0):
 garbage-first heap   total 61440K, used 43692K [0x0000000701200000, 0x0000000800000000)
  region size 2048K, 12 young (24576K), 1 survivors (2048K)
 Metaspace       used 54859K, committed 55296K, reserved 1114112K
  class space    used 7408K, committed 7616K, reserved 1048576K
}
Event: 4.915 GC heap after
{Heap after GC invocations=13 (full 0):
 garbage-first heap   total 161792K, used 23702K [0x0000000701200000, 0x0000000800000000)
  region size 2048K, 1 young (2048K), 1 survivors (2048K)
 Metaspace       used 54859K, committed 55296K, reserved 1114112K
  class space    used 7408K, committed 7616K, reserved 1048576K
}
Event: 6.540 GC heap before
{Heap before GC invocations=13 (full 0):
 garbage-first heap   total 161792K, used 117910K [0x0000000701200000, 0x0000000800000000)
  region size 2048K, 47 young (96256K), 1 survivors (2048K)
 Metaspace       used 63817K, committed 64384K, reserved 1114112K
  class space    used 8601K, committed 8896K, reserved 1048576K
}
Event: 6.546 GC heap after
{Heap after GC invocations=14 (full 0):
 garbage-first heap   total 161792K, used 29535K [0x0000000701200000, 0x0000000800000000)
  region size 2048K, 4 young (8192K), 4 survivors (8192K)
 Metaspace       used 63817K, committed 64384K, reserved 1114112K
  class space    used 8601K, committed 8896K, reserved 1048576K
}
Event: 119.502 GC heap before
{Heap before GC invocations=14 (full 0):
 garbage-first heap   total 161792K, used 115551K [0x0000000701200000, 0x0000000800000000)
  region size 2048K, 47 young (96256K), 4 survivors (8192K)
 Metaspace       used 71109K, committed 71744K, reserved 1114112K
  class space    used 9263K, committed 9600K, reserved 1048576K
}
Event: 119.509 GC heap after
{Heap after GC invocations=15 (full 0):
 garbage-first heap   total 161792K, used 31638K [0x0000000701200000, 0x0000000800000000)
  region size 2048K, 4 young (8192K), 4 survivors (8192K)
 Metaspace       used 71109K, committed 71744K, reserved 1114112K
  class space    used 9263K, committed 9600K, reserved 1048576K
}

